#-----------------------------------------------------------
# Vivado v2019.1 (64-bit)
# SW Build 2552052 on Fri May 24 14:49:42 MDT 2019
# IP Build 2548770 on Fri May 24 18:01:18 MDT 2019
# Start of session at: Fri Dec 19 15:44:42 2025
# Process ID: 6344
# Current directory: C:/Users/mihail/Desktop/статья по самописной игре/fpga_color_flood/nexys_game_color_flood
# Command line: vivado.exe -gui_launcher_event rodinguilauncherevent9728 C:\Users\mihail\Desktop\статья по самописной игре\fpga_color_flood\nexys_game_color_flood\nexys_game_color_flood.xpr
# Log file: C:/Users/mihail/Desktop/статья по самописной игре/fpga_color_flood/nexys_game_color_flood/vivado.log
# Journal file: C:/Users/mihail/Desktop/статья по самописной игре/fpga_color_flood/nexys_game_color_flood\vivado.jou
#-----------------------------------------------------------
start_gui
open_project {C:/Users/mihail/Desktop/статья по самописной игре/fpga_color_flood/nexys_game_color_flood/nexys_game_color_flood.xpr}
INFO: [ProjectBase 1-489] The host OS only allows 260 characters in a normal path. The project is stored in a path with more than 80 characters. If you experience issues with IP, Block Designs, or files not being found, please consider moving the project to a location with a shorter path. Alternately consider using the OS subst command to map part of the path to a drive letter.
Current project path is 'C:/Users/mihail/Desktop/статья по самописной игре/fpga_color_flood/nexys_game_color_flood'
INFO: [Project 1-313] Project file moved from 'F:/vivado_project/nexys_game_color_flood' since last save.
Scanning sources...
Finished scanning sources
INFO: [IP_Flow 19-234] Refreshing IP repositories
INFO: [IP_Flow 19-1704] No user IP repositories specified
INFO: [IP_Flow 19-2313] Loaded Vivado IP repository 'D:/xilinx/vivado_2019/Vivado/2019.1/data/ip'.
open_project: Time (s): cpu = 00:00:41 ; elapsed = 00:00:38 . Memory (MB): peak = 967.242 ; gain = 211.145
update_compile_order -fileset sources_1
reset_run synth_1
launch_runs impl_1 -jobs 10
[Fri Dec 19 15:47:28 2025] Launched synth_1...
Run output will be captured here: C:/Users/mihail/Desktop/статья по самописной игре/fpga_color_flood/nexys_game_color_flood/nexys_game_color_flood.runs/synth_1/runme.log
[Fri Dec 19 15:47:28 2025] Launched impl_1...
Run output will be captured here: C:/Users/mihail/Desktop/статья по самописной игре/fpga_color_flood/nexys_game_color_flood/nexys_game_color_flood.runs/impl_1/runme.log
set_property write_incremental_synth_checkpoint false [get_runs synth_1]
reset_run synth_1
launch_runs impl_1 -jobs 10
[Fri Dec 19 15:50:10 2025] Launched synth_1...
Run output will be captured here: C:/Users/mihail/Desktop/статья по самописной игре/fpga_color_flood/nexys_game_color_flood/nexys_game_color_flood.runs/synth_1/runme.log
[Fri Dec 19 15:50:10 2025] Launched impl_1...
Run output will be captured here: C:/Users/mihail/Desktop/статья по самописной игре/fpga_color_flood/nexys_game_color_flood/nexys_game_color_flood.runs/impl_1/runme.log
reset_project
launch_runs synth_1 -jobs 10
INFO: [IP_Flow 19-1686] Generating 'Synthesis' target for IP 'clk_wiz_game'...
INFO: [IP_Flow 19-1686] Generating 'Implementation' target for IP 'clk_wiz_game'...
[Fri Dec 19 15:52:21 2025] Launched clk_wiz_game_synth_1...
Run output will be captured here: C:/Users/mihail/Desktop/статья по самописной игре/fpga_color_flood/nexys_game_color_flood/nexys_game_color_flood.runs/clk_wiz_game_synth_1/runme.log
[Fri Dec 19 15:52:21 2025] Launched synth_1...
Run output will be captured here: C:/Users/mihail/Desktop/статья по самописной игре/fpga_color_flood/nexys_game_color_flood/nexys_game_color_flood.runs/synth_1/runme.log
launch_runs: Time (s): cpu = 00:00:05 ; elapsed = 00:00:06 . Memory (MB): peak = 1072.730 ; gain = 0.000
reset_target all [get_files  {{C:/Users/mihail/Desktop/статья по самописной игре/fpga_color_flood/nexys_game_color_flood/nexys_game_color_flood.srcs/sources_1/ip/clk_wiz_game/clk_wiz_game.xci}}]
export_ip_user_files -of_objects  [get_files  {{C:/Users/mihail/Desktop/статья по самописной игре/fpga_color_flood/nexys_game_color_flood/nexys_game_color_flood.srcs/sources_1/ip/clk_wiz_game/clk_wiz_game.xci}}] -sync -no_script -force -quiet
delete_ip_run [get_files -of_objects [get_fileset clk_wiz_game] {{C:/Users/mihail/Desktop/статья по самописной игре/fpga_color_flood/nexys_game_color_flood/nexys_game_color_flood.srcs/sources_1/ip/clk_wiz_game/clk_wiz_game.xci}}]
INFO: [Project 1-386] Moving file 'C:/Users/mihail/Desktop/статья по самописной игре/fpga_color_flood/nexys_game_color_flood/nexys_game_color_flood.srcs/sources_1/ip/clk_wiz_game/clk_wiz_game.xci' from fileset 'clk_wiz_game' to fileset 'sources_1'.
generate_target all [get_files  {{C:/Users/mihail/Desktop/статья по самописной игре/fpga_color_flood/nexys_game_color_flood/nexys_game_color_flood.srcs/sources_1/ip/clk_wiz_game/clk_wiz_game.xci}}]
INFO: [IP_Flow 19-1686] Generating 'Instantiation Template' target for IP 'clk_wiz_game'...
INFO: [IP_Flow 19-1686] Generating 'Synthesis' target for IP 'clk_wiz_game'...
INFO: [IP_Flow 19-1686] Generating 'Simulation' target for IP 'clk_wiz_game'...
INFO: [IP_Flow 19-1686] Generating 'Implementation' target for IP 'clk_wiz_game'...
INFO: [IP_Flow 19-1686] Generating 'Change Log' target for IP 'clk_wiz_game'...
generate_target: Time (s): cpu = 00:00:06 ; elapsed = 00:00:06 . Memory (MB): peak = 1073.469 ; gain = 0.738
catch { config_ip_cache -export [get_ips -all clk_wiz_game] }
export_ip_user_files -of_objects [get_files {{C:/Users/mihail/Desktop/статья по самописной игре/fpga_color_flood/nexys_game_color_flood/nexys_game_color_flood.srcs/sources_1/ip/clk_wiz_game/clk_wiz_game.xci}}] -no_script -sync -force -quiet
create_ip_run [get_files -of_objects [get_fileset sources_1] {{C:/Users/mihail/Desktop/статья по самописной игре/fpga_color_flood/nexys_game_color_flood/nexys_game_color_flood.srcs/sources_1/ip/clk_wiz_game/clk_wiz_game.xci}}]
launch_runs -jobs 10 clk_wiz_game_synth_1
[Fri Dec 19 15:53:27 2025] Launched clk_wiz_game_synth_1...
Run output will be captured here: C:/Users/mihail/Desktop/статья по самописной игре/fpga_color_flood/nexys_game_color_flood/nexys_game_color_flood.runs/clk_wiz_game_synth_1/runme.log
export_simulation -of_objects [get_files {{C:/Users/mihail/Desktop/статья по самописной игре/fpga_color_flood/nexys_game_color_flood/nexys_game_color_flood.srcs/sources_1/ip/clk_wiz_game/clk_wiz_game.xci}}] -directory {C:/Users/mihail/Desktop/статья по самописной игре/fpga_color_flood/nexys_game_color_flood/nexys_game_color_flood.ip_user_files/sim_scripts} -ip_user_files_dir {C:/Users/mihail/Desktop/статья по самописной игре/fpga_color_flood/nexys_game_color_flood/nexys_game_color_flood.ip_user_files} -ipstatic_source_dir {C:/Users/mihail/Desktop/статья по самописной игре/fpga_color_flood/nexys_game_color_flood/nexys_game_color_flood.ip_user_files/ipstatic} -lib_map_path [list {modelsim=C:/Users/mihail/Desktop/статья по самописной игре/fpga_color_flood/nexys_game_color_flood/nexys_game_color_flood.cache/compile_simlib/modelsim} {questa=C:/Users/mihail/Desktop/статья по самописной игре/fpga_color_flood/nexys_game_color_flood/nexys_game_color_flood.cache/compile_simlib/questa} {riviera=C:/Users/mihail/Desktop/статья по самописной игре/fpga_color_flood/nexys_game_color_flood/nexys_game_color_flood.cache/compile_simlib/riviera} {activehdl=C:/Users/mihail/Desktop/статья по самописной игре/fpga_color_flood/nexys_game_color_flood/nexys_game_color_flood.cache/compile_simlib/activehdl}] -use_ip_compiled_libs -force -quiet
set_property -dict [list CONFIG.CLKOUT1_REQUESTED_OUT_FREQ {25.000} CONFIG.MMCM_DIVCLK_DIVIDE {1} CONFIG.MMCM_CLKFBOUT_MULT_F {9.125} CONFIG.MMCM_CLKOUT0_DIVIDE_F {36.500} CONFIG.CLKOUT1_JITTER {181.828} CONFIG.CLKOUT1_PHASE_ERROR {104.359}] [get_ips clk_wiz_game]
reset_target all [get_files  {{C:/Users/mihail/Desktop/статья по самописной игре/fpga_color_flood/nexys_game_color_flood/nexys_game_color_flood.srcs/sources_1/ip/clk_wiz_game/clk_wiz_game.xci}}]
export_ip_user_files -of_objects  [get_files  {{C:/Users/mihail/Desktop/статья по самописной игре/fpga_color_flood/nexys_game_color_flood/nexys_game_color_flood.srcs/sources_1/ip/clk_wiz_game/clk_wiz_game.xci}}] -sync -no_script -force -quiet
delete_ip_run [get_files -of_objects [get_fileset clk_wiz_game] {{C:/Users/mihail/Desktop/статья по самописной игре/fpga_color_flood/nexys_game_color_flood/nexys_game_color_flood.srcs/sources_1/ip/clk_wiz_game/clk_wiz_game.xci}}]
INFO: [Project 1-386] Moving file 'C:/Users/mihail/Desktop/статья по самописной игре/fpga_color_flood/nexys_game_color_flood/nexys_game_color_flood.srcs/sources_1/ip/clk_wiz_game/clk_wiz_game.xci' from fileset 'clk_wiz_game' to fileset 'sources_1'.
generate_target all [get_files  {{C:/Users/mihail/Desktop/статья по самописной игре/fpga_color_flood/nexys_game_color_flood/nexys_game_color_flood.srcs/sources_1/ip/clk_wiz_game/clk_wiz_game.xci}}]
INFO: [IP_Flow 19-1686] Generating 'Instantiation Template' target for IP 'clk_wiz_game'...
INFO: [IP_Flow 19-1686] Generating 'Synthesis' target for IP 'clk_wiz_game'...
INFO: [IP_Flow 19-1686] Generating 'Simulation' target for IP 'clk_wiz_game'...
INFO: [IP_Flow 19-1686] Generating 'Implementation' target for IP 'clk_wiz_game'...
INFO: [IP_Flow 19-1686] Generating 'Change Log' target for IP 'clk_wiz_game'...
generate_target: Time (s): cpu = 00:00:07 ; elapsed = 00:00:06 . Memory (MB): peak = 1393.113 ; gain = 1.086
catch { config_ip_cache -export [get_ips -all clk_wiz_game] }
export_ip_user_files -of_objects [get_files {{C:/Users/mihail/Desktop/статья по самописной игре/fpga_color_flood/nexys_game_color_flood/nexys_game_color_flood.srcs/sources_1/ip/clk_wiz_game/clk_wiz_game.xci}}] -no_script -sync -force -quiet
create_ip_run [get_files -of_objects [get_fileset sources_1] {{C:/Users/mihail/Desktop/статья по самописной игре/fpga_color_flood/nexys_game_color_flood/nexys_game_color_flood.srcs/sources_1/ip/clk_wiz_game/clk_wiz_game.xci}}]
launch_runs -jobs 10 clk_wiz_game_synth_1
[Fri Dec 19 15:55:33 2025] Launched clk_wiz_game_synth_1...
Run output will be captured here: C:/Users/mihail/Desktop/статья по самописной игре/fpga_color_flood/nexys_game_color_flood/nexys_game_color_flood.runs/clk_wiz_game_synth_1/runme.log
export_simulation -of_objects [get_files {{C:/Users/mihail/Desktop/статья по самописной игре/fpga_color_flood/nexys_game_color_flood/nexys_game_color_flood.srcs/sources_1/ip/clk_wiz_game/clk_wiz_game.xci}}] -directory {C:/Users/mihail/Desktop/статья по самописной игре/fpga_color_flood/nexys_game_color_flood/nexys_game_color_flood.ip_user_files/sim_scripts} -ip_user_files_dir {C:/Users/mihail/Desktop/статья по самописной игре/fpga_color_flood/nexys_game_color_flood/nexys_game_color_flood.ip_user_files} -ipstatic_source_dir {C:/Users/mihail/Desktop/статья по самописной игре/fpga_color_flood/nexys_game_color_flood/nexys_game_color_flood.ip_user_files/ipstatic} -lib_map_path [list {modelsim=C:/Users/mihail/Desktop/статья по самописной игре/fpga_color_flood/nexys_game_color_flood/nexys_game_color_flood.cache/compile_simlib/modelsim} {questa=C:/Users/mihail/Desktop/статья по самописной игре/fpga_color_flood/nexys_game_color_flood/nexys_game_color_flood.cache/compile_simlib/questa} {riviera=C:/Users/mihail/Desktop/статья по самописной игре/fpga_color_flood/nexys_game_color_flood/nexys_game_color_flood.cache/compile_simlib/riviera} {activehdl=C:/Users/mihail/Desktop/статья по самописной игре/fpga_color_flood/nexys_game_color_flood/nexys_game_color_flood.cache/compile_simlib/activehdl}] -use_ip_compiled_libs -force -quiet
exit
INFO: [Common 17-206] Exiting Vivado at Fri Dec 19 15:56:11 2025...
