#-----------------------------------------------------------
# Vivado v2019.1 (64-bit)
# SW Build 2552052 on Fri May 24 14:49:42 MDT 2019
# IP Build 2548770 on Fri May 24 18:01:18 MDT 2019
# Start of session at: Fri Dec 19 15:56:40 2025
# Process ID: 9420
# Current directory: F:/vivado_project/fpga_color_flood/nexys_game_color_flood
# Command line: vivado.exe -gui_launcher_event rodinguilauncherevent12580 F:\vivado_project\fpga_color_flood\nexys_game_color_flood\nexys_game_color_flood.xpr
# Log file: F:/vivado_project/fpga_color_flood/nexys_game_color_flood/vivado.log
# Journal file: F:/vivado_project/fpga_color_flood/nexys_game_color_flood\vivado.jou
#-----------------------------------------------------------
start_gui
open_project F:/vivado_project/fpga_color_flood/nexys_game_color_flood/nexys_game_color_flood.xpr
INFO: [Project 1-313] Project file moved from 'C:/Users/mihail/Desktop/статья по самописной игре/fpga_color_flood/nexys_game_color_flood' since last save.
Scanning sources...
Finished scanning sources
INFO: [IP_Flow 19-234] Refreshing IP repositories
INFO: [IP_Flow 19-1704] No user IP repositories specified
INFO: [IP_Flow 19-2313] Loaded Vivado IP repository 'D:/xilinx/vivado_2019/Vivado/2019.1/data/ip'.
WARNING: [IP_Flow 19-3664] IP 'clk_wiz_game' generated file not found 'f:/vivado_project/fpga_color_flood/nexys_game_color_flood/nexys_game_color_flood.srcs/sources_1/ip/clk_wiz_game/clk_wiz_game.dcp'. Please regenerate to continue.
WARNING: [IP_Flow 19-3664] IP 'clk_wiz_game' generated file not found 'f:/vivado_project/fpga_color_flood/nexys_game_color_flood/nexys_game_color_flood.srcs/sources_1/ip/clk_wiz_game/clk_wiz_game_stub.v'. Please regenerate to continue.
WARNING: [IP_Flow 19-3664] IP 'clk_wiz_game' generated file not found 'f:/vivado_project/fpga_color_flood/nexys_game_color_flood/nexys_game_color_flood.srcs/sources_1/ip/clk_wiz_game/clk_wiz_game_stub.vhdl'. Please regenerate to continue.
WARNING: [IP_Flow 19-3664] IP 'clk_wiz_game' generated file not found 'f:/vivado_project/fpga_color_flood/nexys_game_color_flood/nexys_game_color_flood.srcs/sources_1/ip/clk_wiz_game/clk_wiz_game_sim_netlist.v'. Please regenerate to continue.
WARNING: [IP_Flow 19-3664] IP 'clk_wiz_game' generated file not found 'f:/vivado_project/fpga_color_flood/nexys_game_color_flood/nexys_game_color_flood.srcs/sources_1/ip/clk_wiz_game/clk_wiz_game_sim_netlist.vhdl'. Please regenerate to continue.
open_project: Time (s): cpu = 00:00:38 ; elapsed = 00:00:27 . Memory (MB): peak = 1027.457 ; gain = 243.727
update_compile_order -fileset sources_1
set_property -dict [list CONFIG.CLKOUT1_REQUESTED_OUT_FREQ {25.100} CONFIG.MMCM_DIVCLK_DIVIDE {4} CONFIG.MMCM_CLKFBOUT_MULT_F {31.375} CONFIG.MMCM_CLKOUT0_DIVIDE_F {31.250} CONFIG.CLKOUT1_JITTER {361.641} CONFIG.CLKOUT1_PHASE_ERROR {267.241}] [get_ips clk_wiz_game]
generate_target all [get_files  F:/vivado_project/fpga_color_flood/nexys_game_color_flood/nexys_game_color_flood.srcs/sources_1/ip/clk_wiz_game/clk_wiz_game.xci]
INFO: [IP_Flow 19-1686] Generating 'Instantiation Template' target for IP 'clk_wiz_game'...
INFO: [IP_Flow 19-1686] Generating 'Synthesis' target for IP 'clk_wiz_game'...
INFO: [IP_Flow 19-1686] Generating 'Simulation' target for IP 'clk_wiz_game'...
INFO: [IP_Flow 19-1686] Generating 'Implementation' target for IP 'clk_wiz_game'...
INFO: [IP_Flow 19-1686] Generating 'Change Log' target for IP 'clk_wiz_game'...
generate_target: Time (s): cpu = 00:00:06 ; elapsed = 00:00:06 . Memory (MB): peak = 1288.938 ; gain = 0.312
catch { config_ip_cache -export [get_ips -all clk_wiz_game] }
export_ip_user_files -of_objects [get_files F:/vivado_project/fpga_color_flood/nexys_game_color_flood/nexys_game_color_flood.srcs/sources_1/ip/clk_wiz_game/clk_wiz_game.xci] -no_script -sync -force -quiet
reset_run clk_wiz_game_synth_1
launch_runs -jobs 10 clk_wiz_game_synth_1
[Fri Dec 19 15:59:05 2025] Launched clk_wiz_game_synth_1...
Run output will be captured here: F:/vivado_project/fpga_color_flood/nexys_game_color_flood/nexys_game_color_flood.runs/clk_wiz_game_synth_1/runme.log
export_simulation -of_objects [get_files F:/vivado_project/fpga_color_flood/nexys_game_color_flood/nexys_game_color_flood.srcs/sources_1/ip/clk_wiz_game/clk_wiz_game.xci] -directory F:/vivado_project/fpga_color_flood/nexys_game_color_flood/nexys_game_color_flood.ip_user_files/sim_scripts -ip_user_files_dir F:/vivado_project/fpga_color_flood/nexys_game_color_flood/nexys_game_color_flood.ip_user_files -ipstatic_source_dir F:/vivado_project/fpga_color_flood/nexys_game_color_flood/nexys_game_color_flood.ip_user_files/ipstatic -lib_map_path [list {modelsim=F:/vivado_project/fpga_color_flood/nexys_game_color_flood/nexys_game_color_flood.cache/compile_simlib/modelsim} {questa=F:/vivado_project/fpga_color_flood/nexys_game_color_flood/nexys_game_color_flood.cache/compile_simlib/questa} {riviera=F:/vivado_project/fpga_color_flood/nexys_game_color_flood/nexys_game_color_flood.cache/compile_simlib/riviera} {activehdl=F:/vivado_project/fpga_color_flood/nexys_game_color_flood/nexys_game_color_flood.cache/compile_simlib/activehdl}] -use_ip_compiled_libs -force -quiet
launch_runs impl_1 -jobs 10
[Fri Dec 19 15:59:55 2025] Launched synth_1...
Run output will be captured here: F:/vivado_project/fpga_color_flood/nexys_game_color_flood/nexys_game_color_flood.runs/synth_1/runme.log
[Fri Dec 19 15:59:55 2025] Launched impl_1...
Run output will be captured here: F:/vivado_project/fpga_color_flood/nexys_game_color_flood/nexys_game_color_flood.runs/impl_1/runme.log
reset_project
launch_runs synth_1 -jobs 10
INFO: [IP_Flow 19-1686] Generating 'Synthesis' target for IP 'clk_wiz_game'...
INFO: [IP_Flow 19-1686] Generating 'Implementation' target for IP 'clk_wiz_game'...
[Fri Dec 19 16:01:13 2025] Launched clk_wiz_game_synth_1...
Run output will be captured here: F:/vivado_project/fpga_color_flood/nexys_game_color_flood/nexys_game_color_flood.runs/clk_wiz_game_synth_1/runme.log
[Fri Dec 19 16:01:13 2025] Launched synth_1...
Run output will be captured here: F:/vivado_project/fpga_color_flood/nexys_game_color_flood/nexys_game_color_flood.runs/synth_1/runme.log
launch_runs impl_1 -jobs 10
[Fri Dec 19 16:09:39 2025] Launched impl_1...
Run output will be captured here: F:/vivado_project/fpga_color_flood/nexys_game_color_flood/nexys_game_color_flood.runs/impl_1/runme.log
reset_project
exit
INFO: [Common 17-206] Exiting Vivado at Fri Dec 19 16:16:08 2025...
